<?xml version="1.0" encoding="UTF-8"?>
<testng-results skipped="0" failed="0" total="1" passed="1">
  <reporter-output>
  </reporter-output>
  <suite name="Default suite" duration-ms="97941" started-at="2019-07-02T03:49:11Z" finished-at="2019-07-02T03:50:49Z">
    <groups>
    </groups>
    <test name="Default test" duration-ms="97941" started-at="2019-07-02T03:49:11Z" finished-at="2019-07-02T03:50:49Z">
      <class name="test.tektravel.Test_EmailNotification">
        <test-method status="PASS" signature="khoiTaoCacTrang()[pri:0, instance:test.tektravel.Test_EmailNotification@7823a2f9]" name="khoiTaoCacTrang" is-config="true" duration-ms="5365" started-at="2019-07-02T10:49:11Z" finished-at="2019-07-02T10:49:16Z">
          <reporter-output>
          </reporter-output>
        </test-method> <!-- khoiTaoCacTrang -->
        <test-method status="PASS" signature="TT_2472()[pri:0, instance:test.tektravel.Test_EmailNotification@7823a2f9]" name="TT_2472" duration-ms="92563" started-at="2019-07-02T10:49:16Z" finished-at="2019-07-02T10:50:49Z">
          <reporter-output>
          </reporter-output>
        </test-method> <!-- TT_2472 -->
      </class> <!-- test.tektravel.Test_EmailNotification -->
    </test> <!-- Default test -->
  </suite> <!-- Default suite -->
</testng-results>
